FluxStore 1.7.3/source/build/app/outputs/mapping/release/mapping.txt
# compiler: R8
# compiler_version: 1.5.25
# min_api: 19
# pg_map_id: e938e8c
...
com.facebook.internal.NativeProtocol$1 -> com.facebook.internal.N:
com.facebook.internal.NativeProtocol$EffectTestAppInfo -> com.facebook.internal.O$a:
    java.lang.String getLoginActivity() -> b
    java.lang.String getPackage() -> c
com.facebook.internal.NativeProtocol$FBLiteAppInfo -> com.facebook.internal.O$b:
    java.lang.String getLoginActivity() -> b
    java.lang.String getPackage() -> c
com.facebook.internal.NativeProtocol$KatanaAppInfo -> com.facebook.internal.O$c:
    java.lang.String getLoginActivity() -> b
    java.lang.String getPackage() -> c
com.facebook.internal.NativeProtocol$MessengerAppInfo -> com.facebook.internal.O$d:
    java.lang.String getLoginActivity() -> b
    java.lang.String getPackage() -> c
com.facebook.internal.NativeProtocol$NativeAppInfo -> com.facebook.internal.O$e:
    java.util.TreeSet availableVersions -> a
    void access$1000(com.facebook.internal.NativeProtocol$NativeAppInfo,boolean) -> a
    void fetchAvailableVersions(boolean) -> a
    java.util.TreeSet getAvailableVersions() -> a
    java.lang.String getLoginActivity() -> b
    java.lang.String getPackage() -> c
com.facebook.internal.NativeProtocol$ProtocolVersionQueryResult -> com.facebook.internal.O$f:
    int protocolVersion -> a
    com.facebook.internal.NativeProtocol$ProtocolVersionQueryResult create(com.facebook.internal.NativeProtocol$NativeAppInfo,int) -> a
    int getProtocolVersion() -> a
    com.facebook.internal.NativeProtocol$ProtocolVersionQueryResult createEmpty() -> b
com.facebook.internal.NativeProtocol$WakizashiAppInfo -> com.facebook.internal.O$g:
    java.lang.String getLoginActivity() -> b
    java.lang.String getPackage() -> c
com.facebook.internal.PlatformServiceClient -> com.facebook.internal.Q:
    android.content.Context context -> a
    android.os.Messenger sender -> e
    java.lang.String applicationId -> h
    android.os.Handler handler -> b
    int protocolVersion -> i
    int requestMessage -> f
    int replyMessage -> g
    com.facebook.internal.PlatformServiceClient$CompletedListener listener -> c
    boolean running -> d
    void cancel() -> a
    void handleMessage(android.os.Message) -> a
    void populateRequestBundle(android.os.Bundle) -> a
    void setCompletedListener(com.facebook.internal.PlatformServiceClient$CompletedListener) -> a
    void callback(android.os.Bundle) -> b
    boolean start() -> b
    void sendMessage() -> c
com.facebook.internal.PlatformServiceClient$1 -> com.facebook.internal.P:
    com.facebook.internal.PlatformServiceClient this$0 -> a
com.facebook.internal.PlatformServiceClient$CompletedListener -> com.facebook.internal.Q$a:
    void completed(android.os.Bundle) -> a
com.facebook.internal.ProfileInformationCache -> com.facebook.internal.S:
    java.util.concurrent.ConcurrentHashMap infoCache -> a
    org.json.JSONObject getProfileInformation(java.lang.String) -> a
    void putProfileInformation(java.lang.String,org.json.JSONObject) -> a
com.facebook.internal.ServerProtocol -> com.facebook.internal.T:
    java.util.Collection errorsProxyAuthDisabled -> a
    java.util.Collection errorsUserCanceled -> b
    java.lang.String getDefaultAPIVersion() -> a
    java.lang.String getDialogAuthority() -> b
    java.lang.String getGraphUrlBase() -> c
    java.lang.String getGraphVideoUrlBase() -> d
com.facebook.internal.SmartLoginOption -> com.facebook.internal.U:
    com.facebook.internal.SmartLoginOption[] $VALUES -> h
    java.util.EnumSet ALL -> g
    com.facebook.internal.SmartLoginOption None -> d
    com.facebook.internal.SmartLoginOption Enabled -> e
    com.facebook.internal.SmartLoginOption RequireConfirm -> f
    long mValue -> c
    java.util.EnumSet parseOptions(long) -> a